Flow report for ProgramCounter8Bit
Tue Apr 28 12:07:34 2020
Quartus Prime Version 18.1.0 Build 625 09/12/2018 SJ Lite Edition


---------------------
; Table of Contents ;
---------------------
  1. Legal Notice
  2. Flow Summary
  3. Flow Settings
  4. Flow Non-Default Global Settings
  5. Flow Elapsed Time
  6. Flow OS Summary
  7. Flow Log
  8. Flow Messages
  9. Flow Suppressed Messages



----------------
; Legal Notice ;
----------------
Copyright (C) 2018  Intel Corporation. All rights reserved.
Your use of Intel Corporation's design tools, logic functions 
and other software and tools, and its AMPP partner logic 
functions, and any output files from any of the foregoing 
(including device programming or simulation files), and any 
associated documentation or information are expressly subject 
to the terms and conditions of the Intel Program License 
Subscription Agreement, the Intel Quartus Prime License Agreement,
the Intel FPGA IP License Agreement, or other applicable license
agreement, including, without limitation, that your use is for
the sole purpose of programming logic devices manufactured by
Intel and sold by Intel or its authorized distributors.  Please
refer to the applicable agreement for further details.



+-------------------------------------------------------------------------------+
; Flow Summary                                                                  ;
+---------------------------------+---------------------------------------------+
; Flow Status                     ; Successful - Tue Apr 28 12:07:34 2020       ;
; Quartus Prime Version           ; 18.1.0 Build 625 09/12/2018 SJ Lite Edition ;
; Revision Name                   ; ProgramCounter8Bit                          ;
; Top-level Entity Name           ; ProgramCounter8Bit                          ;
; Family                          ; Cyclone V                                   ;
; Device                          ; 5CGXFC7C7F23C8                              ;
; Timing Models                   ; Final                                       ;
; Logic utilization (in ALMs)     ; 12 / 56,480 ( < 1 % )                       ;
; Total registers                 ; 8                                           ;
; Total pins                      ; 28 / 268 ( 10 % )                           ;
; Total virtual pins              ; 0                                           ;
; Total block memory bits         ; 0 / 7,024,640 ( 0 % )                       ;
; Total DSP Blocks                ; 0 / 156 ( 0 % )                             ;
; Total HSSI RX PCSs              ; 0 / 6 ( 0 % )                               ;
; Total HSSI PMA RX Deserializers ; 0 / 6 ( 0 % )                               ;
; Total HSSI TX PCSs              ; 0 / 6 ( 0 % )                               ;
; Total HSSI PMA TX Serializers   ; 0 / 6 ( 0 % )                               ;
; Total PLLs                      ; 0 / 13 ( 0 % )                              ;
; Total DLLs                      ; 0 / 4 ( 0 % )                               ;
+---------------------------------+---------------------------------------------+


+-----------------------------------------+
; Flow Settings                           ;
+-------------------+---------------------+
; Option            ; Setting             ;
+-------------------+---------------------+
; Start date & time ; 04/28/2020 11:54:15 ;
; Main task         ; Compilation         ;
; Revision Name     ; ProgramCounter8Bit  ;
+-------------------+---------------------+


+--------------------------------------------------------------------------------------------------------------------------------------+
; Flow Non-Default Global Settings                                                                                                     ;
+-------------------------------------+-----------------------------------------------------+---------------+-------------+------------+
; Assignment Name                     ; Value                                               ; Default Value ; Entity Name ; Section Id ;
+-------------------------------------+-----------------------------------------------------+---------------+-------------+------------+
; COMPILER_SIGNATURE_ID               ; 264403977346769.158810004602832                     ; --            ; --          ; --         ;
; MAX_CORE_JUNCTION_TEMP              ; 85                                                  ; --            ; --          ; --         ;
; MIN_CORE_JUNCTION_TEMP              ; 0                                                   ; --            ; --          ; --         ;
; PARTITION_COLOR                     ; -- (Not supported for targeted family)              ; --            ; --          ; Top        ;
; PARTITION_FITTER_PRESERVATION_LEVEL ; -- (Not supported for targeted family)              ; --            ; --          ; Top        ;
; PARTITION_NETLIST_TYPE              ; -- (Not supported for targeted family)              ; --            ; --          ; Top        ;
; PROJECT_OUTPUT_DIRECTORY            ; output_files                                        ; --            ; --          ; --         ;
; SEARCH_PATH                         ; c:\users\2808v\documents\engr303\labs\lab13\mux4to1 ; --            ; --          ; --         ;
+-------------------------------------+-----------------------------------------------------+---------------+-------------+------------+


+--------------------------------------------------------------------------------------------------------------------------+
; Flow Elapsed Time                                                                                                        ;
+----------------------+--------------+-------------------------+---------------------+------------------------------------+
; Module Name          ; Elapsed Time ; Average Processors Used ; Peak Virtual Memory ; Total CPU Time (on all processors) ;
+----------------------+--------------+-------------------------+---------------------+------------------------------------+
; Analysis & Synthesis ; 00:04:27     ; 1.0                     ; 4799 MB             ; 00:00:44                           ;
; Fitter               ; 00:04:04     ; 1.0                     ; 6420 MB             ; 00:01:43                           ;
; Assembler            ; 00:00:42     ; 1.0                     ; 4837 MB             ; 00:00:14                           ;
; Timing Analyzer      ; 00:00:39     ; 1.0                     ; 5163 MB             ; 00:00:09                           ;
; EDA Netlist Writer   ; 00:00:08     ; 1.0                     ; 4715 MB             ; 00:00:02                           ;
; EDA Netlist Writer   ; 00:00:08     ; 1.0                     ; 4741 MB             ; 00:00:02                           ;
; Total                ; 00:10:08     ; --                      ; --                  ; 00:02:54                           ;
+----------------------+--------------+-------------------------+---------------------+------------------------------------+


+------------------------------------------------------------------------------------+
; Flow OS Summary                                                                    ;
+----------------------+------------------+------------+------------+----------------+
; Module Name          ; Machine Hostname ; OS Name    ; OS Version ; Processor type ;
+----------------------+------------------+------------+------------+----------------+
; Analysis & Synthesis ; 2808-V           ; Windows 10 ; 10.0       ; x86_64         ;
; Fitter               ; 2808-V           ; Windows 10 ; 10.0       ; x86_64         ;
; Assembler            ; 2808-V           ; Windows 10 ; 10.0       ; x86_64         ;
; Timing Analyzer      ; 2808-V           ; Windows 10 ; 10.0       ; x86_64         ;
; EDA Netlist Writer   ; 2808-V           ; Windows 10 ; 10.0       ; x86_64         ;
; EDA Netlist Writer   ; 2808-V           ; Windows 10 ; 10.0       ; x86_64         ;
+----------------------+------------------+------------+------------+----------------+


------------
; Flow Log ;
------------
quartus_map --read_settings_files=on --write_settings_files=off ProgramCounter8Bit -c ProgramCounter8Bit
quartus_fit --read_settings_files=off --write_settings_files=off ProgramCounter8Bit -c ProgramCounter8Bit
quartus_asm --read_settings_files=off --write_settings_files=off ProgramCounter8Bit -c ProgramCounter8Bit
quartus_sta ProgramCounter8Bit -c ProgramCounter8Bit
quartus_eda --gen_testbench --tool=modelsim_oem --format=verilog --write_settings_files=off ProgramCounter8Bit -c ProgramCounter8Bit --vector_source=C:/Users/2808V/Documents/ENGR303/Labs/Lab13/ProgramCounter8Bit/Waveform.vwf --testbench_file=C:/Users/2808V/Documents/ENGR303/Labs/Lab13/ProgramCounter8Bit/simulation/qsim/Waveform.vwf.vt
quartus_eda --write_settings_files=off --simulation=on --functional=off --flatten_buses=off --timescale=1ps --tool=modelsim_oem --format=verilog --output_directory=C:/Users/2808V/Documents/ENGR303/Labs/Lab13/ProgramCounter8Bit/simulation/qsim/ ProgramCounter8Bit -c ProgramCounter8Bit



