Flow report for FunctionUnit
Fri Apr 17 18:03:05 2020
Quartus Prime Version 18.1.0 Build 625 09/12/2018 SJ Lite Edition


---------------------
; Table of Contents ;
---------------------
  1. Legal Notice
  2. Flow Summary
  3. Flow Settings
  4. Flow Non-Default Global Settings
  5. Flow Elapsed Time
  6. Flow OS Summary
  7. Flow Log
  8. Flow Messages
  9. Flow Suppressed Messages



----------------
; Legal Notice ;
----------------
Copyright (C) 2018  Intel Corporation. All rights reserved.
Your use of Intel Corporation's design tools, logic functions 
and other software and tools, and its AMPP partner logic 
functions, and any output files from any of the foregoing 
(including device programming or simulation files), and any 
associated documentation or information are expressly subject 
to the terms and conditions of the Intel Program License 
Subscription Agreement, the Intel Quartus Prime License Agreement,
the Intel FPGA IP License Agreement, or other applicable license
agreement, including, without limitation, that your use is for
the sole purpose of programming logic devices manufactured by
Intel and sold by Intel or its authorized distributors.  Please
refer to the applicable agreement for further details.



+-------------------------------------------------------------------------------+
; Flow Summary                                                                  ;
+---------------------------------+---------------------------------------------+
; Flow Status                     ; Successful - Fri Apr 17 18:03:05 2020       ;
; Quartus Prime Version           ; 18.1.0 Build 625 09/12/2018 SJ Lite Edition ;
; Revision Name                   ; FunctionUnit                                ;
; Top-level Entity Name           ; FunctionUnit                                ;
; Family                          ; Cyclone V                                   ;
; Device                          ; 5CGXFC7C7F23C8                              ;
; Timing Models                   ; Final                                       ;
; Logic utilization (in ALMs)     ; 31 / 56,480 ( < 1 % )                       ;
; Total registers                 ; 0                                           ;
; Total pins                      ; 32 / 268 ( 12 % )                           ;
; Total virtual pins              ; 0                                           ;
; Total block memory bits         ; 0 / 7,024,640 ( 0 % )                       ;
; Total DSP Blocks                ; 0 / 156 ( 0 % )                             ;
; Total HSSI RX PCSs              ; 0 / 6 ( 0 % )                               ;
; Total HSSI PMA RX Deserializers ; 0 / 6 ( 0 % )                               ;
; Total HSSI TX PCSs              ; 0 / 6 ( 0 % )                               ;
; Total HSSI PMA TX Serializers   ; 0 / 6 ( 0 % )                               ;
; Total PLLs                      ; 0 / 13 ( 0 % )                              ;
; Total DLLs                      ; 0 / 4 ( 0 % )                               ;
+---------------------------------+---------------------------------------------+


+-----------------------------------------+
; Flow Settings                           ;
+-------------------+---------------------+
; Option            ; Setting             ;
+-------------------+---------------------+
; Start date & time ; 04/17/2020 17:58:37 ;
; Main task         ; Compilation         ;
; Revision Name     ; FunctionUnit        ;
+-------------------+---------------------+


+-------------------------------------------------------------------------------------------------------------------------------------------+
; Flow Non-Default Global Settings                                                                                                          ;
+-------------------------------------+----------------------------------------------------------+---------------+-------------+------------+
; Assignment Name                     ; Value                                                    ; Default Value ; Entity Name ; Section Id ;
+-------------------------------------+----------------------------------------------------------+---------------+-------------+------------+
; COMPILER_SIGNATURE_ID               ; 264403977346769.158717151603360                          ; --            ; --          ; --         ;
; MAX_CORE_JUNCTION_TEMP              ; 85                                                       ; --            ; --          ; --         ;
; MIN_CORE_JUNCTION_TEMP              ; 0                                                        ; --            ; --          ; --         ;
; PARTITION_COLOR                     ; -- (Not supported for targeted family)                   ; --            ; --          ; Top        ;
; PARTITION_FITTER_PRESERVATION_LEVEL ; -- (Not supported for targeted family)                   ; --            ; --          ; Top        ;
; PARTITION_NETLIST_TYPE              ; -- (Not supported for targeted family)                   ; --            ; --          ; Top        ;
; PROJECT_OUTPUT_DIRECTORY            ; output_files                                             ; --            ; --          ; --         ;
; SEARCH_PATH                         ; c:\users\2808v\documents\engr303\labs\lab11\zerodetect   ; --            ; --          ; --         ;
; SEARCH_PATH                         ; c:\users\2808v\documents\engr303\labs\lab11\shifter8bit  ; --            ; --          ; --         ;
; SEARCH_PATH                         ; c:\users\2808v\documents\engr303\labs\lab11\mux4to1      ; --            ; --          ; --         ;
; SEARCH_PATH                         ; c:\users\2808v\documents\engr303\labs\lab11\mux2to1_8bit ; --            ; --          ; --         ;
; SEARCH_PATH                         ; c:\users\2808v\documents\engr303\labs\lab11\mux2to1      ; --            ; --          ; --         ;
; SEARCH_PATH                         ; c:\users\2808v\documents\engr303\labs\lab11\logicstage   ; --            ; --          ; --         ;
; SEARCH_PATH                         ; c:\users\2808v\documents\engr303\labs\lab11\fulladder    ; --            ; --          ; --         ;
; SEARCH_PATH                         ; c:\users\2808v\documents\engr303\labs\lab11\arithstage   ; --            ; --          ; --         ;
; SEARCH_PATH                         ; c:\users\2808v\documents\engr303\labs\lab11\alustage     ; --            ; --          ; --         ;
+-------------------------------------+----------------------------------------------------------+---------------+-------------+------------+


+--------------------------------------------------------------------------------------------------------------------------+
; Flow Elapsed Time                                                                                                        ;
+----------------------+--------------+-------------------------+---------------------+------------------------------------+
; Module Name          ; Elapsed Time ; Average Processors Used ; Peak Virtual Memory ; Total CPU Time (on all processors) ;
+----------------------+--------------+-------------------------+---------------------+------------------------------------+
; Analysis & Synthesis ; 00:00:20     ; 1.0                     ; 4802 MB             ; 00:00:45                           ;
; Fitter               ; 00:00:55     ; 1.0                     ; 6400 MB             ; 00:01:23                           ;
; Assembler            ; 00:00:12     ; 1.0                     ; 4832 MB             ; 00:00:11                           ;
; Timing Analyzer      ; 00:00:10     ; 1.0                     ; 5160 MB             ; 00:00:08                           ;
; EDA Netlist Writer   ; 00:00:02     ; 1.0                     ; 4716 MB             ; 00:00:02                           ;
; EDA Netlist Writer   ; 00:00:03     ; 1.0                     ; 4743 MB             ; 00:00:02                           ;
; Total                ; 00:01:42     ; --                      ; --                  ; 00:02:31                           ;
+----------------------+--------------+-------------------------+---------------------+------------------------------------+


+------------------------------------------------------------------------------------+
; Flow OS Summary                                                                    ;
+----------------------+------------------+------------+------------+----------------+
; Module Name          ; Machine Hostname ; OS Name    ; OS Version ; Processor type ;
+----------------------+------------------+------------+------------+----------------+
; Analysis & Synthesis ; 2808-V           ; Windows 10 ; 10.0       ; x86_64         ;
; Fitter               ; 2808-V           ; Windows 10 ; 10.0       ; x86_64         ;
; Assembler            ; 2808-V           ; Windows 10 ; 10.0       ; x86_64         ;
; Timing Analyzer      ; 2808-V           ; Windows 10 ; 10.0       ; x86_64         ;
; EDA Netlist Writer   ; 2808-V           ; Windows 10 ; 10.0       ; x86_64         ;
; EDA Netlist Writer   ; 2808-V           ; Windows 10 ; 10.0       ; x86_64         ;
+----------------------+------------------+------------+------------+----------------+


------------
; Flow Log ;
------------
quartus_map --read_settings_files=on --write_settings_files=off FunctionUnit -c FunctionUnit
quartus_fit --read_settings_files=off --write_settings_files=off FunctionUnit -c FunctionUnit
quartus_asm --read_settings_files=off --write_settings_files=off FunctionUnit -c FunctionUnit
quartus_sta FunctionUnit -c FunctionUnit
quartus_eda --gen_testbench --tool=modelsim_oem --format=verilog --write_settings_files=off FunctionUnit -c FunctionUnit --vector_source=C:/Users/2808V/Documents/ENGR303/Labs/Lab11/FunctionUnit/Waveform.vwf --testbench_file=C:/Users/2808V/Documents/ENGR303/Labs/Lab11/FunctionUnit/simulation/qsim/Waveform.vwf.vt
quartus_eda --write_settings_files=off --simulation=on --functional=off --flatten_buses=off --timescale=1ps --tool=modelsim_oem --format=verilog --output_directory=C:/Users/2808V/Documents/ENGR303/Labs/Lab11/FunctionUnit/simulation/qsim/ FunctionUnit -c FunctionUnit



